[2020-08-25 18:45:42,838] Starting new HTTPS connection (1): www.mohfw.gov.in:443
[2020-08-25 18:45:42,960] https://www.mohfw.gov.in:443 "GET / HTTP/1.1" 200 27021
[2020-08-25 18:45:43,035] oops, corono script failed.
Traceback (most recent call last):
  File "/home/subhodeep/Documents/programming/python/corona/tracker.py", line 58, in <module>
    past_data = load()
  File "/home/subhodeep/Documents/programming/python/corona/tracker.py", line 26, in load
    with open(FILE_NAME, 'r') as f:
FileNotFoundError: [Errno 2] No such file or directory: 'corona_india_data.json'
[2020-08-25 18:49:42,574] Starting new HTTPS connection (1): www.mohfw.gov.in:443
[2020-08-25 18:49:42,661] https://www.mohfw.gov.in:443 "GET / HTTP/1.1" 200 27019
[2020-08-25 18:50:30,440] Starting new HTTPS connection (1): www.mohfw.gov.in:443
[2020-08-25 18:50:30,511] https://www.mohfw.gov.in:443 "GET / HTTP/1.1" 200 27020
[2020-08-25 19:00:32,885] Starting new HTTPS connection (1): www.mohfw.gov.in:443
[2020-08-25 19:00:33,160] https://www.mohfw.gov.in:443 "GET / HTTP/1.1" 200 27020
[2020-08-25 19:00:51,735] Starting new HTTPS connection (1): www.mohfw.gov.in:443
[2020-08-25 19:00:51,812] https://www.mohfw.gov.in:443 "GET / HTTP/1.1" 200 27022
[2020-08-25 19:00:57,811] Starting new HTTPS connection (1): www.mohfw.gov.in:443
[2020-08-25 19:00:57,900] https://www.mohfw.gov.in:443 "GET / HTTP/1.1" 200 27019
[2020-08-25 19:01:28,632] Starting new HTTPS connection (1): www.mohfw.gov.in:443
[2020-08-25 19:01:28,895] https://www.mohfw.gov.in:443 "GET / HTTP/1.1" 200 27017
[2020-08-25 19:01:33,081] Starting new HTTPS connection (1): www.mohfw.gov.in:443
[2020-08-25 19:01:33,158] https://www.mohfw.gov.in:443 "GET / HTTP/1.1" 200 27023
[2020-08-25 19:18:41,819] Starting new HTTPS connection (1): www.mohfw.gov.in:443
[2020-08-25 19:18:42,174] https://www.mohfw.gov.in:443 "GET / HTTP/1.1" 200 27012
